


ARM Macro Assembler    Page 1 


    1 00000000         ;/******************************************************
                       ******************/
    2 00000000         ;/*               (C) Fujitsu Semiconductor Europe GmbH 
                                        */
    3 00000000         ;/*                                                     
                                        */
    4 00000000         ;/* The following software deliverable is intended for a
                       nd must only be  */
    5 00000000         ;/* used for reference and in an evaluation laboratory e
                       nvironment.      */
    6 00000000         ;/* It is provided on an as-is basis without charge and 
                       is subject to    */
    7 00000000         ;/* alterations.                                        
                                        */
    8 00000000         ;/* It is the user’s obligation to fully test the softwa
                       re in its        */
    9 00000000         ;/* environment and to ensure proper functionality, qual
                       ification and    */
   10 00000000         ;/* compliance with component specifications.           
                                        */
   11 00000000         ;/*                                                     
                                        */
   12 00000000         ;/* In the event the software deliverable includes the u
                       se of open       */
   13 00000000         ;/* source components, the provisions of the governing o
                       pen source       */
   14 00000000         ;/* license agreement shall apply with respect to such s
                       oftware          */
   15 00000000         ;/* deliverable.                                        
                                        */
   16 00000000         ;/* FSEU does not warrant that the deliverables do not i
                       nfringe any      */
   17 00000000         ;/* third party intellectual property right (IPR). In th
                       e event that     */
   18 00000000         ;/* the deliverables infringe a third party IPR it is th
                       e sole           */
   19 00000000         ;/* responsibility of the customer to obtain necessary l
                       icenses to       */
   20 00000000         ;/* continue the usage of the deliverable.              
                                        */
   21 00000000         ;/*                                                     
                                        */
   22 00000000         ;/* To the maximum extent permitted by applicable law FS
                       EU disclaims all */
   23 00000000         ;/* warranties, whether express or implied, in particula
                       r, but not       */
   24 00000000         ;/* limited to, warranties of merchantability and fitnes
                       s for a          */
   25 00000000         ;/* particular purpose for which the deliverable is not 
                       designated.      */
   26 00000000         ;/*                                                     
                                        */
   27 00000000         ;/* To the maximum extent permitted by applicable law, F
                       SEU's liability  */
   28 00000000         ;/* is restricted to intention and gross negligence.    
                                        */
   29 00000000         ;/* FSEU is not liable for consequential damages.       
                                        */
   30 00000000         ;/*                                                     



ARM Macro Assembler    Page 2 


                                        */
   31 00000000         ;/* (V1.4)                                              
                                        */
   32 00000000         ;/******************************************************
                       ******************/
   33 00000000         ;/*  Startup for ARM                                    
                                        */
   34 00000000         ;/*  Version     V1.02                                  
                                        */
   35 00000000         ;/*  Date        2011-07-25                             
                                        */
   36 00000000         ;/*  Target-mcu  MB9B61x                                
                                        */
   37 00000000         ;/******************************************************
                       ******************/
   38 00000000         
   39 00000000         ; Stack Configuration
   40 00000000         ;  Stack Size (in Bytes) <0x0-0xFFFFFFFF:8>
   41 00000000         
   42 00000000 00000400 
                       Stack_Size
                               EQU              0x00000400
   43 00000000         
   44 00000000                 AREA             STACK, NOINIT, READWRITE, ALIGN
=3
   45 00000000         Stack_Mem
                               SPACE            Stack_Size
   46 00000400         __initial_sp
   47 00000400         
   48 00000400         
   49 00000400         ; Heap Configuration
   50 00000400         ;  Heap Size (in Bytes) <0x0-0xFFFFFFFF:8>
   51 00000400         
   52 00000400 00000000 
                       Heap_Size
                               EQU              0x00000000
   53 00000400         
   54 00000400                 AREA             HEAP, NOINIT, READWRITE, ALIGN=
3
   55 00000000         __heap_base
   56 00000000         Heap_Mem
                               SPACE            Heap_Size
   57 00000000         __heap_limit
   58 00000000         
   59 00000000         
   60 00000000                 PRESERVE8
   61 00000000                 THUMB
   62 00000000         
   63 00000000         
   64 00000000         ; Vector Table Mapped to Address 0 at Reset
   65 00000000         
   66 00000000                 AREA             RESET, DATA, READONLY
   67 00000000                 EXPORT           __Vectors
   68 00000000                 EXPORT           __Vectors_End
   69 00000000                 EXPORT           __Vectors_Size
   70 00000000         
   71 00000000 00000000 
                       __Vectors
                               DCD              __initial_sp ; Top of Stack



ARM Macro Assembler    Page 3 


   72 00000004 00000000        DCD              Reset_Handler ; Reset Handler
   73 00000008 00000000        DCD              NMI_Handler ; NMI Handler
   74 0000000C 00000000        DCD              HardFault_Handler ; Hard Fault 
                                                            Handler
   75 00000010 00000000        DCD              MemManage_Handler 
                                                            ; MPU Fault Handler
                                                            
   76 00000014 00000000        DCD              BusFault_Handler 
                                                            ; Bus Fault Handler
                                                            
   77 00000018 00000000        DCD              UsageFault_Handler ; Usage Faul
                                                            t Handler
   78 0000001C 00000000        DCD              0           ; Reserved
   79 00000020 00000000        DCD              0           ; Reserved
   80 00000024 00000000        DCD              0           ; Reserved
   81 00000028 00000000        DCD              0           ; Reserved
   82 0000002C 00000000        DCD              SVC_Handler ; SVCall Handler
   83 00000030 00000000        DCD              DebugMon_Handler ; Debug Monito
                                                            r Handler
   84 00000034 00000000        DCD              0           ; Reserved
   85 00000038 00000000        DCD              PendSV_Handler ; PendSV Handler
                                                            
   86 0000003C 00000000        DCD              SysTick_Handler 
                                                            ; SysTick Handler
   87 00000040         
   88 00000040 00000000        DCD              CSV_Handler ; 0: Clock Super Vi
                                                            sor
   89 00000044 00000000        DCD              SWDT_Handler ; 1: Software Watc
                                                            hdog Timer
   90 00000048 00000000        DCD              LVD_Handler ; 2: Low Voltage De
                                                            tector
   91 0000004C 00000000        DCD              MFT_WG_IRQHandler ; 3: Wave For
                                                            m Generator / DTIF
   92 00000050 00000000        DCD              INT0_7_Handler ; 4: External In
                                                            terrupt Request ch.
                                                            0 to ch.7
   93 00000054 00000000        DCD              INT8_31_Handler ; 5: External I
                                                            nterrupt Request ch
                                                            .8 to ch.31
   94 00000058 00000000        DCD              DT_Handler  ; 6: Dual Timer / Q
                                                            uad Decoder
   95 0000005C 00000000        DCD              MFS0RX_IRQHandler ; 7: MultiFun
                                                            ction Serial ch.0
   96 00000060 00000000        DCD              MFS0TX_IRQHandler ; 8: MultiFun
                                                            ction Serial ch.0
   97 00000064 00000000        DCD              MFS1RX_IRQHandler ; 9: MultiFun
                                                            ction Serial ch.1
   98 00000068 00000000        DCD              MFS1TX_IRQHandler ; 10: MultiFu
                                                            nction Serial ch.1
   99 0000006C 00000000        DCD              MFS2RX_IRQHandler ; 11: MultiFu
                                                            nction Serial ch.2
  100 00000070 00000000        DCD              MFS2TX_IRQHandler ; 12: MultiFu
                                                            nction Serial ch.2
  101 00000074 00000000        DCD              MFS3RX_IRQHandler ; 13: MultiFu
                                                            nction Serial ch.3
  102 00000078 00000000        DCD              MFS3TX_IRQHandler ; 14: MultiFu
                                                            nction Serial ch.3
  103 0000007C 00000000        DCD              MFS4RX_IRQHandler ; 15: MultiFu
                                                            nction Serial ch.4



ARM Macro Assembler    Page 4 


  104 00000080 00000000        DCD              MFS4TX_IRQHandler ; 16: MultiFu
                                                            nction Serial ch.4
  105 00000084 00000000        DCD              MFS5RX_IRQHandler ; 17: MultiFu
                                                            nction Serial ch.5
  106 00000088 00000000        DCD              MFS5TX_IRQHandler ; 18: MultiFu
                                                            nction Serial ch.5
  107 0000008C 00000000        DCD              MFS6RX_IRQHandler ; 19: MultiFu
                                                            nction Serial ch.6
  108 00000090 00000000        DCD              MFS6TX_IRQHandler ; 20: MultiFu
                                                            nction Serial ch.6
  109 00000094 00000000        DCD              MFS7RX_IRQHandler ; 21: MultiFu
                                                            nction Serial ch.7
  110 00000098 00000000        DCD              MFS7TX_IRQHandler ; 22: MultiFu
                                                            nction Serial ch.7
  111 0000009C 00000000        DCD              PPG_Handler ; 23: PPG
  112 000000A0 00000000        DCD              TIM_IRQHandler ; 24: OSC / PLL 
                                                            / Watch Counter
  113 000000A4 00000000        DCD              ADC0_IRQHandler ; 25: ADC0
  114 000000A8 00000000        DCD              ADC1_IRQHandler ; 26: ADC1
  115 000000AC 00000000        DCD              ADC2_IRQHandler ; 27: ADC2
  116 000000B0 00000000        DCD              MFT_FRT_IRQHandler ; 28: Free-r
                                                            un Timer
  117 000000B4 00000000        DCD              MFT_IPC_IRQHandler 
                                                            ; 29: Input Capture
                                                            
  118 000000B8 00000000        DCD              MFT_OPC_IRQHandler ; 30: Output
                                                             Compare
  119 000000BC 00000000        DCD              BT0_7_IRQHandler ; 31: Base Tim
                                                            er ch.0 to ch.7
  120 000000C0 00000000        DCD              ETHER_MAC0_IRQHandler ; 32: Eth
                                                            ernet MAC ch.0
  121 000000C4 00000000        DCD              ETHER_MAC1_IRQHandler ; 33: Eth
                                                            ernet MAC ch.1
  122 000000C8 00000000        DCD              USB0F_Handler 
                                                            ; 34: USB0 Function
                                                            
  123 000000CC 00000000        DCD              USB0_Handler ; 35: USB0 Functio
                                                            n / USB0 HOST
  124 000000D0 00000000        DCD              USB1F_Handler 
                                                            ; 36: USB1 Function
                                                            
  125 000000D4 00000000        DCD              USB1_Handler ; 37: USB1 Functio
                                                            n / USB1 HOST
  126 000000D8 00000000        DCD              DMAC0_Handler ; 38: DMAC ch.0
  127 000000DC 00000000        DCD              DMAC1_Handler ; 39: DMAC ch.1
  128 000000E0 00000000        DCD              DMAC2_Handler ; 40: DMAC ch.2
  129 000000E4 00000000        DCD              DMAC3_Handler ; 41: DMAC ch.3
  130 000000E8 00000000        DCD              DMAC4_Handler ; 42: DMAC ch.4
  131 000000EC 00000000        DCD              DMAC5_Handler ; 43: DMAC ch.5
  132 000000F0 00000000        DCD              DMAC6_Handler ; 44: DMAC ch.6
  133 000000F4 00000000        DCD              DMAC7_Handler ; 45: DMAC ch.7
  134 000000F8 00000000        DCD              BT8_15_IRQHandler ; 46: Base Ti
                                                            mer ch.8 to ch.15
  135 000000FC 00000000        DCD              DummyHandler ; 47: Reserved
  136 00000100         __Vectors_End
  137 00000100         
  138 00000100 00000100 
                       __Vectors_Size
                               EQU              __Vectors_End - __Vectors



ARM Macro Assembler    Page 5 


  139 00000100         
  140 00000100                 AREA             |.text|, CODE, READONLY
  141 00000000         
  142 00000000         
  143 00000000         ; Reset Handler
  144 00000000         
  145 00000000         Reset_Handler
                               PROC
  146 00000000                 EXPORT           Reset_Handler             [WEAK
]
  147 00000000                 IMPORT           SystemInit
  148 00000000                 IMPORT           __main
  149 00000000 4809            LDR              R0, =SystemInit
  150 00000002 4780            BLX              R0
  151 00000004 4809            LDR              R0, =__main
  152 00000006 4700            BX               R0
  153 00000008                 ENDP
  154 00000008         
  155 00000008         
  156 00000008         ; Dummy Exception Handlers (infinite loops which can be 
                       modified)
  157 00000008         
  158 00000008         NMI_Handler
                               PROC
  159 00000008                 EXPORT           NMI_Handler               [WEAK
]
  160 00000008 E7FE            B                .
  161 0000000A                 ENDP
  163 0000000A         HardFault_Handler
                               PROC
  164 0000000A                 EXPORT           HardFault_Handler         [WEAK
]
  165 0000000A E7FE            B                .
  166 0000000C                 ENDP
  168 0000000C         MemManage_Handler
                               PROC
  169 0000000C                 EXPORT           MemManage_Handler         [WEAK
]
  170 0000000C E7FE            B                .
  171 0000000E                 ENDP
  173 0000000E         BusFault_Handler
                               PROC
  174 0000000E                 EXPORT           BusFault_Handler          [WEAK
]
  175 0000000E E7FE            B                .
  176 00000010                 ENDP
  178 00000010         UsageFault_Handler
                               PROC
  179 00000010                 EXPORT           UsageFault_Handler        [WEAK
]
  180 00000010 E7FE            B                .
  181 00000012                 ENDP
  182 00000012         SVC_Handler
                               PROC
  183 00000012                 EXPORT           SVC_Handler               [WEAK
]
  184 00000012 E7FE            B                .
  185 00000014                 ENDP
  187 00000014         DebugMon_Handler



ARM Macro Assembler    Page 6 


                               PROC
  188 00000014                 EXPORT           DebugMon_Handler          [WEAK
]
  189 00000014 E7FE            B                .
  190 00000016                 ENDP
  191 00000016         PendSV_Handler
                               PROC
  192 00000016                 EXPORT           PendSV_Handler            [WEAK
]
  193 00000016 E7FE            B                .
  194 00000018                 ENDP
  195 00000018         SysTick_Handler
                               PROC
  196 00000018                 EXPORT           SysTick_Handler           [WEAK
]
  197 00000018 E7FE            B                .
  198 0000001A                 ENDP
  199 0000001A         
  200 0000001A         Default_Handler
                               PROC
  201 0000001A         
  202 0000001A                 EXPORT           CSV_Handler           [WEAK]
  203 0000001A                 EXPORT           SWDT_Handler              [WEAK
]
  204 0000001A                 EXPORT           LVD_Handler               [WEAK
]
  205 0000001A                 EXPORT           MFT_WG_IRQHandler         [WEAK
]
  206 0000001A                 EXPORT           INT0_7_Handler            [WEAK
]
  207 0000001A                 EXPORT           INT8_31_Handler           [WEAK
]
  208 0000001A                 EXPORT           DT_Handler                [WEAK
]
  209 0000001A                 EXPORT           MFS0RX_IRQHandler         [WEAK
]
  210 0000001A                 EXPORT           MFS0TX_IRQHandler         [WEAK
]
  211 0000001A                 EXPORT           MFS1RX_IRQHandler         [WEAK
]
  212 0000001A                 EXPORT           MFS1TX_IRQHandler         [WEAK
]
  213 0000001A                 EXPORT           MFS2RX_IRQHandler         [WEAK
]
  214 0000001A                 EXPORT           MFS2TX_IRQHandler         [WEAK
]
  215 0000001A                 EXPORT           MFS3RX_IRQHandler         [WEAK
]
  216 0000001A                 EXPORT           MFS3TX_IRQHandler         [WEAK
]
  217 0000001A                 EXPORT           MFS4RX_IRQHandler         [WEAK
]
  218 0000001A                 EXPORT           MFS4TX_IRQHandler         [WEAK
]
  219 0000001A                 EXPORT           MFS5RX_IRQHandler         [WEAK
]
  220 0000001A                 EXPORT           MFS5TX_IRQHandler         [WEAK
]
  221 0000001A                 EXPORT           MFS6RX_IRQHandler         [WEAK



ARM Macro Assembler    Page 7 


]
  222 0000001A                 EXPORT           MFS6TX_IRQHandler         [WEAK
]
  223 0000001A                 EXPORT           MFS7RX_IRQHandler         [WEAK
]
  224 0000001A                 EXPORT           MFS7TX_IRQHandler         [WEAK
]
  225 0000001A                 EXPORT           PPG_Handler               [WEAK
]
  226 0000001A                 EXPORT           TIM_IRQHandler            [WEAK
]
  227 0000001A                 EXPORT           ADC0_IRQHandler           [WEAK
]
  228 0000001A                 EXPORT           ADC1_IRQHandler           [WEAK
]
  229 0000001A                 EXPORT           ADC2_IRQHandler           [WEAK
]
  230 0000001A                 EXPORT           MFT_FRT_IRQHandler        [WEAK
]
  231 0000001A                 EXPORT           MFT_IPC_IRQHandler        [WEAK
]
  232 0000001A                 EXPORT           MFT_OPC_IRQHandler        [WEAK
]
  233 0000001A                 EXPORT           BT0_7_IRQHandler          [WEAK
]
  234 0000001A                 EXPORT           ETHER_MAC0_IRQHandler     [WEAK
]
  235 0000001A                 EXPORT           ETHER_MAC1_IRQHandler     [WEAK
]
  236 0000001A                 EXPORT           USB0F_Handler             [WEAK
]
  237 0000001A                 EXPORT           USB0_Handler              [WEAK
]
  238 0000001A                 EXPORT           USB1F_Handler             [WEAK
]
  239 0000001A                 EXPORT           USB1_Handler              [WEAK
]
  240 0000001A                 EXPORT           DMAC0_Handler             [WEAK
]
  241 0000001A                 EXPORT           DMAC1_Handler             [WEAK
]
  242 0000001A                 EXPORT           DMAC2_Handler             [WEAK
]
  243 0000001A                 EXPORT           DMAC3_Handler             [WEAK
]
  244 0000001A                 EXPORT           DMAC4_Handler             [WEAK
]
  245 0000001A                 EXPORT           DMAC5_Handler             [WEAK
]
  246 0000001A                 EXPORT           DMAC6_Handler             [WEAK
]
  247 0000001A                 EXPORT           DMAC7_Handler             [WEAK
]
  248 0000001A                 EXPORT           BT8_15_IRQHandler         [WEAK
]
  249 0000001A                 EXPORT           DummyHandler              [WEAK
]
  250 0000001A         
  251 0000001A         CSV_Handler



ARM Macro Assembler    Page 8 


  252 0000001A         SWDT_Handler
  253 0000001A         LVD_Handler
  254 0000001A         MFT_WG_IRQHandler
  255 0000001A         INT0_7_Handler
  256 0000001A         INT8_31_Handler
  257 0000001A         DT_Handler
  258 0000001A         MFS0RX_IRQHandler
  259 0000001A         MFS0TX_IRQHandler
  260 0000001A         MFS1RX_IRQHandler
  261 0000001A         MFS1TX_IRQHandler
  262 0000001A         MFS2RX_IRQHandler
  263 0000001A         MFS2TX_IRQHandler
  264 0000001A         MFS3RX_IRQHandler
  265 0000001A         MFS3TX_IRQHandler
  266 0000001A         MFS4RX_IRQHandler
  267 0000001A         MFS4TX_IRQHandler
  268 0000001A         MFS5RX_IRQHandler
  269 0000001A         MFS5TX_IRQHandler
  270 0000001A         MFS6RX_IRQHandler
  271 0000001A         MFS6TX_IRQHandler
  272 0000001A         MFS7RX_IRQHandler
  273 0000001A         MFS7TX_IRQHandler
  274 0000001A         PPG_Handler
  275 0000001A         TIM_IRQHandler
  276 0000001A         ADC0_IRQHandler
  277 0000001A         ADC1_IRQHandler
  278 0000001A         ADC2_IRQHandler
  279 0000001A         MFT_FRT_IRQHandler
  280 0000001A         MFT_IPC_IRQHandler
  281 0000001A         MFT_OPC_IRQHandler
  282 0000001A         BT0_7_IRQHandler
  283 0000001A         DMAC0_Handler
  284 0000001A         DMAC1_Handler
  285 0000001A         DMAC2_Handler
  286 0000001A         DMAC3_Handler
  287 0000001A         DMAC4_Handler
  288 0000001A         DMAC5_Handler
  289 0000001A         DMAC6_Handler
  290 0000001A         DMAC7_Handler
  291 0000001A         ETHER_MAC0_IRQHandler
  292 0000001A         ETHER_MAC1_IRQHandler
  293 0000001A         USB0F_Handler
  294 0000001A         USB0_Handler
  295 0000001A         USB1F_Handler
  296 0000001A         USB1_Handler
  297 0000001A         BT8_15_IRQHandler
  298 0000001A         DummyHandler
  299 0000001A         
  300 0000001A E7FE            B                .
  301 0000001C         
  302 0000001C                 ENDP
  303 0000001C         
  304 0000001C         
  305 0000001C                 ALIGN
  306 0000001C         
  307 0000001C         
  308 0000001C         ; User Initial Stack & Heap
  309 0000001C         
  310 0000001C                 IF               :DEF:__MICROLIB



ARM Macro Assembler    Page 9 


  317 0000001C         
  318 0000001C                 IMPORT           __use_two_region_memory
  319 0000001C                 EXPORT           __user_initial_stackheap
  320 0000001C         __user_initial_stackheap
  321 0000001C         
  322 0000001C 4804            LDR              R0, =  Heap_Mem
  323 0000001E 4905            LDR              R1, =(Stack_Mem + Stack_Size)
  324 00000020 4A03            LDR              R2, = (Heap_Mem +  Heap_Size)
  325 00000022 4B05            LDR              R3, = Stack_Mem
  326 00000024 4770            BX               LR
  327 00000026         
  328 00000026 00 00           ALIGN
  329 00000028         
  330 00000028                 ENDIF
  331 00000028         
  332 00000028         
  333 00000028                 END
              00000000 
              00000000 
              00000000 
              00000400 
              00000000 
Command Line: --debug --xref --diag_suppress=9931 --cpu=Cortex-M3 --apcs=interw
ork --depend=.\build\startup_mb9bf61x.d -o.\build\startup_mb9bf61x.o -I.\RTE\_r
tthread -IC:\Keil_v5\ARM\PACK\ARM\CMSIS\5.4.0\CMSIS\Core\Include -IC:\Keil_v5\A
RM\PACK\Keil\FM3HighPerformance_DFP\1.1.0\Device\Include\MB9B610T --predefine="
__UVISION_VERSION SETA 526" --predefine="_RTE_ SETA 1" --predefine="MB9BF618S S
ETA 1" --list=.\build\startup_mb9bf61x.lst CMSIS\CM3\DeviceSupport\fujitsu\mb9b
f61x\startup\arm\startup_mb9bf61x.S



ARM Macro Assembler    Page 1 Alphabetic symbol ordering
Relocatable symbols

STACK 00000000

Symbol: STACK
   Definitions
      At line 44 in file CMSIS\CM3\DeviceSupport\fujitsu\mb9bf61x\startup\arm\s
tartup_mb9bf61x.S
   Uses
      None
Comment: STACK unused
Stack_Mem 00000000

Symbol: Stack_Mem
   Definitions
      At line 45 in file CMSIS\CM3\DeviceSupport\fujitsu\mb9bf61x\startup\arm\s
tartup_mb9bf61x.S
   Uses
      At line 323 in file CMSIS\CM3\DeviceSupport\fujitsu\mb9bf61x\startup\arm\
startup_mb9bf61x.S
      At line 325 in file CMSIS\CM3\DeviceSupport\fujitsu\mb9bf61x\startup\arm\
startup_mb9bf61x.S

__initial_sp 00000400

Symbol: __initial_sp
   Definitions
      At line 46 in file CMSIS\CM3\DeviceSupport\fujitsu\mb9bf61x\startup\arm\s
tartup_mb9bf61x.S
   Uses
      At line 71 in file CMSIS\CM3\DeviceSupport\fujitsu\mb9bf61x\startup\arm\s
tartup_mb9bf61x.S
Comment: __initial_sp used once
3 symbols



ARM Macro Assembler    Page 1 Alphabetic symbol ordering
Relocatable symbols

HEAP 00000000

Symbol: HEAP
   Definitions
      At line 54 in file CMSIS\CM3\DeviceSupport\fujitsu\mb9bf61x\startup\arm\s
tartup_mb9bf61x.S
   Uses
      None
Comment: HEAP unused
Heap_Mem 00000000

Symbol: Heap_Mem
   Definitions
      At line 56 in file CMSIS\CM3\DeviceSupport\fujitsu\mb9bf61x\startup\arm\s
tartup_mb9bf61x.S
   Uses
      At line 322 in file CMSIS\CM3\DeviceSupport\fujitsu\mb9bf61x\startup\arm\
startup_mb9bf61x.S
      At line 324 in file CMSIS\CM3\DeviceSupport\fujitsu\mb9bf61x\startup\arm\
startup_mb9bf61x.S

__heap_base 00000000

Symbol: __heap_base
   Definitions
      At line 55 in file CMSIS\CM3\DeviceSupport\fujitsu\mb9bf61x\startup\arm\s
tartup_mb9bf61x.S
   Uses
      None
Comment: __heap_base unused
__heap_limit 00000000

Symbol: __heap_limit
   Definitions
      At line 57 in file CMSIS\CM3\DeviceSupport\fujitsu\mb9bf61x\startup\arm\s
tartup_mb9bf61x.S
   Uses
      None
Comment: __heap_limit unused
4 symbols



ARM Macro Assembler    Page 1 Alphabetic symbol ordering
Relocatable symbols

RESET 00000000

Symbol: RESET
   Definitions
      At line 66 in file CMSIS\CM3\DeviceSupport\fujitsu\mb9bf61x\startup\arm\s
tartup_mb9bf61x.S
   Uses
      None
Comment: RESET unused
__Vectors 00000000

Symbol: __Vectors
   Definitions
      At line 71 in file CMSIS\CM3\DeviceSupport\fujitsu\mb9bf61x\startup\arm\s
tartup_mb9bf61x.S
   Uses
      At line 67 in file CMSIS\CM3\DeviceSupport\fujitsu\mb9bf61x\startup\arm\s
tartup_mb9bf61x.S
      At line 138 in file CMSIS\CM3\DeviceSupport\fujitsu\mb9bf61x\startup\arm\
startup_mb9bf61x.S

__Vectors_End 00000100

Symbol: __Vectors_End
   Definitions
      At line 136 in file CMSIS\CM3\DeviceSupport\fujitsu\mb9bf61x\startup\arm\
startup_mb9bf61x.S
   Uses
      At line 68 in file CMSIS\CM3\DeviceSupport\fujitsu\mb9bf61x\startup\arm\s
tartup_mb9bf61x.S
      At line 138 in file CMSIS\CM3\DeviceSupport\fujitsu\mb9bf61x\startup\arm\
startup_mb9bf61x.S

3 symbols



ARM Macro Assembler    Page 1 Alphabetic symbol ordering
Relocatable symbols

.text 00000000

Symbol: .text
   Definitions
      At line 140 in file CMSIS\CM3\DeviceSupport\fujitsu\mb9bf61x\startup\arm\
startup_mb9bf61x.S
   Uses
      None
Comment: .text unused
ADC0_IRQHandler 0000001A

Symbol: ADC0_IRQHandler
   Definitions
      At line 276 in file CMSIS\CM3\DeviceSupport\fujitsu\mb9bf61x\startup\arm\
startup_mb9bf61x.S
   Uses
      At line 113 in file CMSIS\CM3\DeviceSupport\fujitsu\mb9bf61x\startup\arm\
startup_mb9bf61x.S
      At line 227 in file CMSIS\CM3\DeviceSupport\fujitsu\mb9bf61x\startup\arm\
startup_mb9bf61x.S

ADC1_IRQHandler 0000001A

Symbol: ADC1_IRQHandler
   Definitions
      At line 277 in file CMSIS\CM3\DeviceSupport\fujitsu\mb9bf61x\startup\arm\
startup_mb9bf61x.S
   Uses
      At line 114 in file CMSIS\CM3\DeviceSupport\fujitsu\mb9bf61x\startup\arm\
startup_mb9bf61x.S
      At line 228 in file CMSIS\CM3\DeviceSupport\fujitsu\mb9bf61x\startup\arm\
startup_mb9bf61x.S

ADC2_IRQHandler 0000001A

Symbol: ADC2_IRQHandler
   Definitions
      At line 278 in file CMSIS\CM3\DeviceSupport\fujitsu\mb9bf61x\startup\arm\
startup_mb9bf61x.S
   Uses
      At line 115 in file CMSIS\CM3\DeviceSupport\fujitsu\mb9bf61x\startup\arm\
startup_mb9bf61x.S
      At line 229 in file CMSIS\CM3\DeviceSupport\fujitsu\mb9bf61x\startup\arm\
startup_mb9bf61x.S

BT0_7_IRQHandler 0000001A

Symbol: BT0_7_IRQHandler
   Definitions
      At line 282 in file CMSIS\CM3\DeviceSupport\fujitsu\mb9bf61x\startup\arm\
startup_mb9bf61x.S
   Uses
      At line 119 in file CMSIS\CM3\DeviceSupport\fujitsu\mb9bf61x\startup\arm\
startup_mb9bf61x.S
      At line 233 in file CMSIS\CM3\DeviceSupport\fujitsu\mb9bf61x\startup\arm\
startup_mb9bf61x.S

BT8_15_IRQHandler 0000001A




ARM Macro Assembler    Page 2 Alphabetic symbol ordering
Relocatable symbols

Symbol: BT8_15_IRQHandler
   Definitions
      At line 297 in file CMSIS\CM3\DeviceSupport\fujitsu\mb9bf61x\startup\arm\
startup_mb9bf61x.S
   Uses
      At line 134 in file CMSIS\CM3\DeviceSupport\fujitsu\mb9bf61x\startup\arm\
startup_mb9bf61x.S
      At line 248 in file CMSIS\CM3\DeviceSupport\fujitsu\mb9bf61x\startup\arm\
startup_mb9bf61x.S

BusFault_Handler 0000000E

Symbol: BusFault_Handler
   Definitions
      At line 173 in file CMSIS\CM3\DeviceSupport\fujitsu\mb9bf61x\startup\arm\
startup_mb9bf61x.S
   Uses
      At line 76 in file CMSIS\CM3\DeviceSupport\fujitsu\mb9bf61x\startup\arm\s
tartup_mb9bf61x.S
      At line 174 in file CMSIS\CM3\DeviceSupport\fujitsu\mb9bf61x\startup\arm\
startup_mb9bf61x.S

CSV_Handler 0000001A

Symbol: CSV_Handler
   Definitions
      At line 251 in file CMSIS\CM3\DeviceSupport\fujitsu\mb9bf61x\startup\arm\
startup_mb9bf61x.S
   Uses
      At line 88 in file CMSIS\CM3\DeviceSupport\fujitsu\mb9bf61x\startup\arm\s
tartup_mb9bf61x.S
      At line 202 in file CMSIS\CM3\DeviceSupport\fujitsu\mb9bf61x\startup\arm\
startup_mb9bf61x.S

DMAC0_Handler 0000001A

Symbol: DMAC0_Handler
   Definitions
      At line 283 in file CMSIS\CM3\DeviceSupport\fujitsu\mb9bf61x\startup\arm\
startup_mb9bf61x.S
   Uses
      At line 126 in file CMSIS\CM3\DeviceSupport\fujitsu\mb9bf61x\startup\arm\
startup_mb9bf61x.S
      At line 240 in file CMSIS\CM3\DeviceSupport\fujitsu\mb9bf61x\startup\arm\
startup_mb9bf61x.S

DMAC1_Handler 0000001A

Symbol: DMAC1_Handler
   Definitions
      At line 284 in file CMSIS\CM3\DeviceSupport\fujitsu\mb9bf61x\startup\arm\
startup_mb9bf61x.S
   Uses
      At line 127 in file CMSIS\CM3\DeviceSupport\fujitsu\mb9bf61x\startup\arm\
startup_mb9bf61x.S
      At line 241 in file CMSIS\CM3\DeviceSupport\fujitsu\mb9bf61x\startup\arm\
startup_mb9bf61x.S

DMAC2_Handler 0000001A



ARM Macro Assembler    Page 3 Alphabetic symbol ordering
Relocatable symbols


Symbol: DMAC2_Handler
   Definitions
      At line 285 in file CMSIS\CM3\DeviceSupport\fujitsu\mb9bf61x\startup\arm\
startup_mb9bf61x.S
   Uses
      At line 128 in file CMSIS\CM3\DeviceSupport\fujitsu\mb9bf61x\startup\arm\
startup_mb9bf61x.S
      At line 242 in file CMSIS\CM3\DeviceSupport\fujitsu\mb9bf61x\startup\arm\
startup_mb9bf61x.S

DMAC3_Handler 0000001A

Symbol: DMAC3_Handler
   Definitions
      At line 286 in file CMSIS\CM3\DeviceSupport\fujitsu\mb9bf61x\startup\arm\
startup_mb9bf61x.S
   Uses
      At line 129 in file CMSIS\CM3\DeviceSupport\fujitsu\mb9bf61x\startup\arm\
startup_mb9bf61x.S
      At line 243 in file CMSIS\CM3\DeviceSupport\fujitsu\mb9bf61x\startup\arm\
startup_mb9bf61x.S

DMAC4_Handler 0000001A

Symbol: DMAC4_Handler
   Definitions
      At line 287 in file CMSIS\CM3\DeviceSupport\fujitsu\mb9bf61x\startup\arm\
startup_mb9bf61x.S
   Uses
      At line 130 in file CMSIS\CM3\DeviceSupport\fujitsu\mb9bf61x\startup\arm\
startup_mb9bf61x.S
      At line 244 in file CMSIS\CM3\DeviceSupport\fujitsu\mb9bf61x\startup\arm\
startup_mb9bf61x.S

DMAC5_Handler 0000001A

Symbol: DMAC5_Handler
   Definitions
      At line 288 in file CMSIS\CM3\DeviceSupport\fujitsu\mb9bf61x\startup\arm\
startup_mb9bf61x.S
   Uses
      At line 131 in file CMSIS\CM3\DeviceSupport\fujitsu\mb9bf61x\startup\arm\
startup_mb9bf61x.S
      At line 245 in file CMSIS\CM3\DeviceSupport\fujitsu\mb9bf61x\startup\arm\
startup_mb9bf61x.S

DMAC6_Handler 0000001A

Symbol: DMAC6_Handler
   Definitions
      At line 289 in file CMSIS\CM3\DeviceSupport\fujitsu\mb9bf61x\startup\arm\
startup_mb9bf61x.S
   Uses
      At line 132 in file CMSIS\CM3\DeviceSupport\fujitsu\mb9bf61x\startup\arm\
startup_mb9bf61x.S
      At line 246 in file CMSIS\CM3\DeviceSupport\fujitsu\mb9bf61x\startup\arm\
startup_mb9bf61x.S




ARM Macro Assembler    Page 4 Alphabetic symbol ordering
Relocatable symbols

DMAC7_Handler 0000001A

Symbol: DMAC7_Handler
   Definitions
      At line 290 in file CMSIS\CM3\DeviceSupport\fujitsu\mb9bf61x\startup\arm\
startup_mb9bf61x.S
   Uses
      At line 133 in file CMSIS\CM3\DeviceSupport\fujitsu\mb9bf61x\startup\arm\
startup_mb9bf61x.S
      At line 247 in file CMSIS\CM3\DeviceSupport\fujitsu\mb9bf61x\startup\arm\
startup_mb9bf61x.S

DT_Handler 0000001A

Symbol: DT_Handler
   Definitions
      At line 257 in file CMSIS\CM3\DeviceSupport\fujitsu\mb9bf61x\startup\arm\
startup_mb9bf61x.S
   Uses
      At line 94 in file CMSIS\CM3\DeviceSupport\fujitsu\mb9bf61x\startup\arm\s
tartup_mb9bf61x.S
      At line 208 in file CMSIS\CM3\DeviceSupport\fujitsu\mb9bf61x\startup\arm\
startup_mb9bf61x.S

DebugMon_Handler 00000014

Symbol: DebugMon_Handler
   Definitions
      At line 187 in file CMSIS\CM3\DeviceSupport\fujitsu\mb9bf61x\startup\arm\
startup_mb9bf61x.S
   Uses
      At line 83 in file CMSIS\CM3\DeviceSupport\fujitsu\mb9bf61x\startup\arm\s
tartup_mb9bf61x.S
      At line 188 in file CMSIS\CM3\DeviceSupport\fujitsu\mb9bf61x\startup\arm\
startup_mb9bf61x.S

Default_Handler 0000001A

Symbol: Default_Handler
   Definitions
      At line 200 in file CMSIS\CM3\DeviceSupport\fujitsu\mb9bf61x\startup\arm\
startup_mb9bf61x.S
   Uses
      None
Comment: Default_Handler unused
DummyHandler 0000001A

Symbol: DummyHandler
   Definitions
      At line 298 in file CMSIS\CM3\DeviceSupport\fujitsu\mb9bf61x\startup\arm\
startup_mb9bf61x.S
   Uses
      At line 135 in file CMSIS\CM3\DeviceSupport\fujitsu\mb9bf61x\startup\arm\
startup_mb9bf61x.S
      At line 249 in file CMSIS\CM3\DeviceSupport\fujitsu\mb9bf61x\startup\arm\
startup_mb9bf61x.S

ETHER_MAC0_IRQHandler 0000001A




ARM Macro Assembler    Page 5 Alphabetic symbol ordering
Relocatable symbols

Symbol: ETHER_MAC0_IRQHandler
   Definitions
      At line 291 in file CMSIS\CM3\DeviceSupport\fujitsu\mb9bf61x\startup\arm\
startup_mb9bf61x.S
   Uses
      At line 120 in file CMSIS\CM3\DeviceSupport\fujitsu\mb9bf61x\startup\arm\
startup_mb9bf61x.S
      At line 234 in file CMSIS\CM3\DeviceSupport\fujitsu\mb9bf61x\startup\arm\
startup_mb9bf61x.S

ETHER_MAC1_IRQHandler 0000001A

Symbol: ETHER_MAC1_IRQHandler
   Definitions
      At line 292 in file CMSIS\CM3\DeviceSupport\fujitsu\mb9bf61x\startup\arm\
startup_mb9bf61x.S
   Uses
      At line 121 in file CMSIS\CM3\DeviceSupport\fujitsu\mb9bf61x\startup\arm\
startup_mb9bf61x.S
      At line 235 in file CMSIS\CM3\DeviceSupport\fujitsu\mb9bf61x\startup\arm\
startup_mb9bf61x.S

HardFault_Handler 0000000A

Symbol: HardFault_Handler
   Definitions
      At line 163 in file CMSIS\CM3\DeviceSupport\fujitsu\mb9bf61x\startup\arm\
startup_mb9bf61x.S
   Uses
      At line 74 in file CMSIS\CM3\DeviceSupport\fujitsu\mb9bf61x\startup\arm\s
tartup_mb9bf61x.S
      At line 164 in file CMSIS\CM3\DeviceSupport\fujitsu\mb9bf61x\startup\arm\
startup_mb9bf61x.S

INT0_7_Handler 0000001A

Symbol: INT0_7_Handler
   Definitions
      At line 255 in file CMSIS\CM3\DeviceSupport\fujitsu\mb9bf61x\startup\arm\
startup_mb9bf61x.S
   Uses
      At line 92 in file CMSIS\CM3\DeviceSupport\fujitsu\mb9bf61x\startup\arm\s
tartup_mb9bf61x.S
      At line 206 in file CMSIS\CM3\DeviceSupport\fujitsu\mb9bf61x\startup\arm\
startup_mb9bf61x.S

INT8_31_Handler 0000001A

Symbol: INT8_31_Handler
   Definitions
      At line 256 in file CMSIS\CM3\DeviceSupport\fujitsu\mb9bf61x\startup\arm\
startup_mb9bf61x.S
   Uses
      At line 93 in file CMSIS\CM3\DeviceSupport\fujitsu\mb9bf61x\startup\arm\s
tartup_mb9bf61x.S
      At line 207 in file CMSIS\CM3\DeviceSupport\fujitsu\mb9bf61x\startup\arm\
startup_mb9bf61x.S

LVD_Handler 0000001A



ARM Macro Assembler    Page 6 Alphabetic symbol ordering
Relocatable symbols


Symbol: LVD_Handler
   Definitions
      At line 253 in file CMSIS\CM3\DeviceSupport\fujitsu\mb9bf61x\startup\arm\
startup_mb9bf61x.S
   Uses
      At line 90 in file CMSIS\CM3\DeviceSupport\fujitsu\mb9bf61x\startup\arm\s
tartup_mb9bf61x.S
      At line 204 in file CMSIS\CM3\DeviceSupport\fujitsu\mb9bf61x\startup\arm\
startup_mb9bf61x.S

MFS0RX_IRQHandler 0000001A

Symbol: MFS0RX_IRQHandler
   Definitions
      At line 258 in file CMSIS\CM3\DeviceSupport\fujitsu\mb9bf61x\startup\arm\
startup_mb9bf61x.S
   Uses
      At line 95 in file CMSIS\CM3\DeviceSupport\fujitsu\mb9bf61x\startup\arm\s
tartup_mb9bf61x.S
      At line 209 in file CMSIS\CM3\DeviceSupport\fujitsu\mb9bf61x\startup\arm\
startup_mb9bf61x.S

MFS0TX_IRQHandler 0000001A

Symbol: MFS0TX_IRQHandler
   Definitions
      At line 259 in file CMSIS\CM3\DeviceSupport\fujitsu\mb9bf61x\startup\arm\
startup_mb9bf61x.S
   Uses
      At line 96 in file CMSIS\CM3\DeviceSupport\fujitsu\mb9bf61x\startup\arm\s
tartup_mb9bf61x.S
      At line 210 in file CMSIS\CM3\DeviceSupport\fujitsu\mb9bf61x\startup\arm\
startup_mb9bf61x.S

MFS1RX_IRQHandler 0000001A

Symbol: MFS1RX_IRQHandler
   Definitions
      At line 260 in file CMSIS\CM3\DeviceSupport\fujitsu\mb9bf61x\startup\arm\
startup_mb9bf61x.S
   Uses
      At line 97 in file CMSIS\CM3\DeviceSupport\fujitsu\mb9bf61x\startup\arm\s
tartup_mb9bf61x.S
      At line 211 in file CMSIS\CM3\DeviceSupport\fujitsu\mb9bf61x\startup\arm\
startup_mb9bf61x.S

MFS1TX_IRQHandler 0000001A

Symbol: MFS1TX_IRQHandler
   Definitions
      At line 261 in file CMSIS\CM3\DeviceSupport\fujitsu\mb9bf61x\startup\arm\
startup_mb9bf61x.S
   Uses
      At line 98 in file CMSIS\CM3\DeviceSupport\fujitsu\mb9bf61x\startup\arm\s
tartup_mb9bf61x.S
      At line 212 in file CMSIS\CM3\DeviceSupport\fujitsu\mb9bf61x\startup\arm\
startup_mb9bf61x.S




ARM Macro Assembler    Page 7 Alphabetic symbol ordering
Relocatable symbols

MFS2RX_IRQHandler 0000001A

Symbol: MFS2RX_IRQHandler
   Definitions
      At line 262 in file CMSIS\CM3\DeviceSupport\fujitsu\mb9bf61x\startup\arm\
startup_mb9bf61x.S
   Uses
      At line 99 in file CMSIS\CM3\DeviceSupport\fujitsu\mb9bf61x\startup\arm\s
tartup_mb9bf61x.S
      At line 213 in file CMSIS\CM3\DeviceSupport\fujitsu\mb9bf61x\startup\arm\
startup_mb9bf61x.S

MFS2TX_IRQHandler 0000001A

Symbol: MFS2TX_IRQHandler
   Definitions
      At line 263 in file CMSIS\CM3\DeviceSupport\fujitsu\mb9bf61x\startup\arm\
startup_mb9bf61x.S
   Uses
      At line 100 in file CMSIS\CM3\DeviceSupport\fujitsu\mb9bf61x\startup\arm\
startup_mb9bf61x.S
      At line 214 in file CMSIS\CM3\DeviceSupport\fujitsu\mb9bf61x\startup\arm\
startup_mb9bf61x.S

MFS3RX_IRQHandler 0000001A

Symbol: MFS3RX_IRQHandler
   Definitions
      At line 264 in file CMSIS\CM3\DeviceSupport\fujitsu\mb9bf61x\startup\arm\
startup_mb9bf61x.S
   Uses
      At line 101 in file CMSIS\CM3\DeviceSupport\fujitsu\mb9bf61x\startup\arm\
startup_mb9bf61x.S
      At line 215 in file CMSIS\CM3\DeviceSupport\fujitsu\mb9bf61x\startup\arm\
startup_mb9bf61x.S

MFS3TX_IRQHandler 0000001A

Symbol: MFS3TX_IRQHandler
   Definitions
      At line 265 in file CMSIS\CM3\DeviceSupport\fujitsu\mb9bf61x\startup\arm\
startup_mb9bf61x.S
   Uses
      At line 102 in file CMSIS\CM3\DeviceSupport\fujitsu\mb9bf61x\startup\arm\
startup_mb9bf61x.S
      At line 216 in file CMSIS\CM3\DeviceSupport\fujitsu\mb9bf61x\startup\arm\
startup_mb9bf61x.S

MFS4RX_IRQHandler 0000001A

Symbol: MFS4RX_IRQHandler
   Definitions
      At line 266 in file CMSIS\CM3\DeviceSupport\fujitsu\mb9bf61x\startup\arm\
startup_mb9bf61x.S
   Uses
      At line 103 in file CMSIS\CM3\DeviceSupport\fujitsu\mb9bf61x\startup\arm\
startup_mb9bf61x.S
      At line 217 in file CMSIS\CM3\DeviceSupport\fujitsu\mb9bf61x\startup\arm\
startup_mb9bf61x.S



ARM Macro Assembler    Page 8 Alphabetic symbol ordering
Relocatable symbols


MFS4TX_IRQHandler 0000001A

Symbol: MFS4TX_IRQHandler
   Definitions
      At line 267 in file CMSIS\CM3\DeviceSupport\fujitsu\mb9bf61x\startup\arm\
startup_mb9bf61x.S
   Uses
      At line 104 in file CMSIS\CM3\DeviceSupport\fujitsu\mb9bf61x\startup\arm\
startup_mb9bf61x.S
      At line 218 in file CMSIS\CM3\DeviceSupport\fujitsu\mb9bf61x\startup\arm\
startup_mb9bf61x.S

MFS5RX_IRQHandler 0000001A

Symbol: MFS5RX_IRQHandler
   Definitions
      At line 268 in file CMSIS\CM3\DeviceSupport\fujitsu\mb9bf61x\startup\arm\
startup_mb9bf61x.S
   Uses
      At line 105 in file CMSIS\CM3\DeviceSupport\fujitsu\mb9bf61x\startup\arm\
startup_mb9bf61x.S
      At line 219 in file CMSIS\CM3\DeviceSupport\fujitsu\mb9bf61x\startup\arm\
startup_mb9bf61x.S

MFS5TX_IRQHandler 0000001A

Symbol: MFS5TX_IRQHandler
   Definitions
      At line 269 in file CMSIS\CM3\DeviceSupport\fujitsu\mb9bf61x\startup\arm\
startup_mb9bf61x.S
   Uses
      At line 106 in file CMSIS\CM3\DeviceSupport\fujitsu\mb9bf61x\startup\arm\
startup_mb9bf61x.S
      At line 220 in file CMSIS\CM3\DeviceSupport\fujitsu\mb9bf61x\startup\arm\
startup_mb9bf61x.S

MFS6RX_IRQHandler 0000001A

Symbol: MFS6RX_IRQHandler
   Definitions
      At line 270 in file CMSIS\CM3\DeviceSupport\fujitsu\mb9bf61x\startup\arm\
startup_mb9bf61x.S
   Uses
      At line 107 in file CMSIS\CM3\DeviceSupport\fujitsu\mb9bf61x\startup\arm\
startup_mb9bf61x.S
      At line 221 in file CMSIS\CM3\DeviceSupport\fujitsu\mb9bf61x\startup\arm\
startup_mb9bf61x.S

MFS6TX_IRQHandler 0000001A

Symbol: MFS6TX_IRQHandler
   Definitions
      At line 271 in file CMSIS\CM3\DeviceSupport\fujitsu\mb9bf61x\startup\arm\
startup_mb9bf61x.S
   Uses
      At line 108 in file CMSIS\CM3\DeviceSupport\fujitsu\mb9bf61x\startup\arm\
startup_mb9bf61x.S
      At line 222 in file CMSIS\CM3\DeviceSupport\fujitsu\mb9bf61x\startup\arm\



ARM Macro Assembler    Page 9 Alphabetic symbol ordering
Relocatable symbols

startup_mb9bf61x.S

MFS7RX_IRQHandler 0000001A

Symbol: MFS7RX_IRQHandler
   Definitions
      At line 272 in file CMSIS\CM3\DeviceSupport\fujitsu\mb9bf61x\startup\arm\
startup_mb9bf61x.S
   Uses
      At line 109 in file CMSIS\CM3\DeviceSupport\fujitsu\mb9bf61x\startup\arm\
startup_mb9bf61x.S
      At line 223 in file CMSIS\CM3\DeviceSupport\fujitsu\mb9bf61x\startup\arm\
startup_mb9bf61x.S

MFS7TX_IRQHandler 0000001A

Symbol: MFS7TX_IRQHandler
   Definitions
      At line 273 in file CMSIS\CM3\DeviceSupport\fujitsu\mb9bf61x\startup\arm\
startup_mb9bf61x.S
   Uses
      At line 110 in file CMSIS\CM3\DeviceSupport\fujitsu\mb9bf61x\startup\arm\
startup_mb9bf61x.S
      At line 224 in file CMSIS\CM3\DeviceSupport\fujitsu\mb9bf61x\startup\arm\
startup_mb9bf61x.S

MFT_FRT_IRQHandler 0000001A

Symbol: MFT_FRT_IRQHandler
   Definitions
      At line 279 in file CMSIS\CM3\DeviceSupport\fujitsu\mb9bf61x\startup\arm\
startup_mb9bf61x.S
   Uses
      At line 116 in file CMSIS\CM3\DeviceSupport\fujitsu\mb9bf61x\startup\arm\
startup_mb9bf61x.S
      At line 230 in file CMSIS\CM3\DeviceSupport\fujitsu\mb9bf61x\startup\arm\
startup_mb9bf61x.S

MFT_IPC_IRQHandler 0000001A

Symbol: MFT_IPC_IRQHandler
   Definitions
      At line 280 in file CMSIS\CM3\DeviceSupport\fujitsu\mb9bf61x\startup\arm\
startup_mb9bf61x.S
   Uses
      At line 117 in file CMSIS\CM3\DeviceSupport\fujitsu\mb9bf61x\startup\arm\
startup_mb9bf61x.S
      At line 231 in file CMSIS\CM3\DeviceSupport\fujitsu\mb9bf61x\startup\arm\
startup_mb9bf61x.S

MFT_OPC_IRQHandler 0000001A

Symbol: MFT_OPC_IRQHandler
   Definitions
      At line 281 in file CMSIS\CM3\DeviceSupport\fujitsu\mb9bf61x\startup\arm\
startup_mb9bf61x.S
   Uses
      At line 118 in file CMSIS\CM3\DeviceSupport\fujitsu\mb9bf61x\startup\arm\
startup_mb9bf61x.S



ARM Macro Assembler    Page 10 Alphabetic symbol ordering
Relocatable symbols

      At line 232 in file CMSIS\CM3\DeviceSupport\fujitsu\mb9bf61x\startup\arm\
startup_mb9bf61x.S

MFT_WG_IRQHandler 0000001A

Symbol: MFT_WG_IRQHandler
   Definitions
      At line 254 in file CMSIS\CM3\DeviceSupport\fujitsu\mb9bf61x\startup\arm\
startup_mb9bf61x.S
   Uses
      At line 91 in file CMSIS\CM3\DeviceSupport\fujitsu\mb9bf61x\startup\arm\s
tartup_mb9bf61x.S
      At line 205 in file CMSIS\CM3\DeviceSupport\fujitsu\mb9bf61x\startup\arm\
startup_mb9bf61x.S

MemManage_Handler 0000000C

Symbol: MemManage_Handler
   Definitions
      At line 168 in file CMSIS\CM3\DeviceSupport\fujitsu\mb9bf61x\startup\arm\
startup_mb9bf61x.S
   Uses
      At line 75 in file CMSIS\CM3\DeviceSupport\fujitsu\mb9bf61x\startup\arm\s
tartup_mb9bf61x.S
      At line 169 in file CMSIS\CM3\DeviceSupport\fujitsu\mb9bf61x\startup\arm\
startup_mb9bf61x.S

NMI_Handler 00000008

Symbol: NMI_Handler
   Definitions
      At line 158 in file CMSIS\CM3\DeviceSupport\fujitsu\mb9bf61x\startup\arm\
startup_mb9bf61x.S
   Uses
      At line 73 in file CMSIS\CM3\DeviceSupport\fujitsu\mb9bf61x\startup\arm\s
tartup_mb9bf61x.S
      At line 159 in file CMSIS\CM3\DeviceSupport\fujitsu\mb9bf61x\startup\arm\
startup_mb9bf61x.S

PPG_Handler 0000001A

Symbol: PPG_Handler
   Definitions
      At line 274 in file CMSIS\CM3\DeviceSupport\fujitsu\mb9bf61x\startup\arm\
startup_mb9bf61x.S
   Uses
      At line 111 in file CMSIS\CM3\DeviceSupport\fujitsu\mb9bf61x\startup\arm\
startup_mb9bf61x.S
      At line 225 in file CMSIS\CM3\DeviceSupport\fujitsu\mb9bf61x\startup\arm\
startup_mb9bf61x.S

PendSV_Handler 00000016

Symbol: PendSV_Handler
   Definitions
      At line 191 in file CMSIS\CM3\DeviceSupport\fujitsu\mb9bf61x\startup\arm\
startup_mb9bf61x.S
   Uses
      At line 85 in file CMSIS\CM3\DeviceSupport\fujitsu\mb9bf61x\startup\arm\s



ARM Macro Assembler    Page 11 Alphabetic symbol ordering
Relocatable symbols

tartup_mb9bf61x.S
      At line 192 in file CMSIS\CM3\DeviceSupport\fujitsu\mb9bf61x\startup\arm\
startup_mb9bf61x.S

Reset_Handler 00000000

Symbol: Reset_Handler
   Definitions
      At line 145 in file CMSIS\CM3\DeviceSupport\fujitsu\mb9bf61x\startup\arm\
startup_mb9bf61x.S
   Uses
      At line 72 in file CMSIS\CM3\DeviceSupport\fujitsu\mb9bf61x\startup\arm\s
tartup_mb9bf61x.S
      At line 146 in file CMSIS\CM3\DeviceSupport\fujitsu\mb9bf61x\startup\arm\
startup_mb9bf61x.S

SVC_Handler 00000012

Symbol: SVC_Handler
   Definitions
      At line 182 in file CMSIS\CM3\DeviceSupport\fujitsu\mb9bf61x\startup\arm\
startup_mb9bf61x.S
   Uses
      At line 82 in file CMSIS\CM3\DeviceSupport\fujitsu\mb9bf61x\startup\arm\s
tartup_mb9bf61x.S
      At line 183 in file CMSIS\CM3\DeviceSupport\fujitsu\mb9bf61x\startup\arm\
startup_mb9bf61x.S

SWDT_Handler 0000001A

Symbol: SWDT_Handler
   Definitions
      At line 252 in file CMSIS\CM3\DeviceSupport\fujitsu\mb9bf61x\startup\arm\
startup_mb9bf61x.S
   Uses
      At line 89 in file CMSIS\CM3\DeviceSupport\fujitsu\mb9bf61x\startup\arm\s
tartup_mb9bf61x.S
      At line 203 in file CMSIS\CM3\DeviceSupport\fujitsu\mb9bf61x\startup\arm\
startup_mb9bf61x.S

SysTick_Handler 00000018

Symbol: SysTick_Handler
   Definitions
      At line 195 in file CMSIS\CM3\DeviceSupport\fujitsu\mb9bf61x\startup\arm\
startup_mb9bf61x.S
   Uses
      At line 86 in file CMSIS\CM3\DeviceSupport\fujitsu\mb9bf61x\startup\arm\s
tartup_mb9bf61x.S
      At line 196 in file CMSIS\CM3\DeviceSupport\fujitsu\mb9bf61x\startup\arm\
startup_mb9bf61x.S

TIM_IRQHandler 0000001A

Symbol: TIM_IRQHandler
   Definitions
      At line 275 in file CMSIS\CM3\DeviceSupport\fujitsu\mb9bf61x\startup\arm\
startup_mb9bf61x.S
   Uses



ARM Macro Assembler    Page 12 Alphabetic symbol ordering
Relocatable symbols

      At line 112 in file CMSIS\CM3\DeviceSupport\fujitsu\mb9bf61x\startup\arm\
startup_mb9bf61x.S
      At line 226 in file CMSIS\CM3\DeviceSupport\fujitsu\mb9bf61x\startup\arm\
startup_mb9bf61x.S

USB0F_Handler 0000001A

Symbol: USB0F_Handler
   Definitions
      At line 293 in file CMSIS\CM3\DeviceSupport\fujitsu\mb9bf61x\startup\arm\
startup_mb9bf61x.S
   Uses
      At line 122 in file CMSIS\CM3\DeviceSupport\fujitsu\mb9bf61x\startup\arm\
startup_mb9bf61x.S
      At line 236 in file CMSIS\CM3\DeviceSupport\fujitsu\mb9bf61x\startup\arm\
startup_mb9bf61x.S

USB0_Handler 0000001A

Symbol: USB0_Handler
   Definitions
      At line 294 in file CMSIS\CM3\DeviceSupport\fujitsu\mb9bf61x\startup\arm\
startup_mb9bf61x.S
   Uses
      At line 123 in file CMSIS\CM3\DeviceSupport\fujitsu\mb9bf61x\startup\arm\
startup_mb9bf61x.S
      At line 237 in file CMSIS\CM3\DeviceSupport\fujitsu\mb9bf61x\startup\arm\
startup_mb9bf61x.S

USB1F_Handler 0000001A

Symbol: USB1F_Handler
   Definitions
      At line 295 in file CMSIS\CM3\DeviceSupport\fujitsu\mb9bf61x\startup\arm\
startup_mb9bf61x.S
   Uses
      At line 124 in file CMSIS\CM3\DeviceSupport\fujitsu\mb9bf61x\startup\arm\
startup_mb9bf61x.S
      At line 238 in file CMSIS\CM3\DeviceSupport\fujitsu\mb9bf61x\startup\arm\
startup_mb9bf61x.S

USB1_Handler 0000001A

Symbol: USB1_Handler
   Definitions
      At line 296 in file CMSIS\CM3\DeviceSupport\fujitsu\mb9bf61x\startup\arm\
startup_mb9bf61x.S
   Uses
      At line 125 in file CMSIS\CM3\DeviceSupport\fujitsu\mb9bf61x\startup\arm\
startup_mb9bf61x.S
      At line 239 in file CMSIS\CM3\DeviceSupport\fujitsu\mb9bf61x\startup\arm\
startup_mb9bf61x.S

UsageFault_Handler 00000010

Symbol: UsageFault_Handler
   Definitions
      At line 178 in file CMSIS\CM3\DeviceSupport\fujitsu\mb9bf61x\startup\arm\
startup_mb9bf61x.S



ARM Macro Assembler    Page 13 Alphabetic symbol ordering
Relocatable symbols

   Uses
      At line 77 in file CMSIS\CM3\DeviceSupport\fujitsu\mb9bf61x\startup\arm\s
tartup_mb9bf61x.S
      At line 179 in file CMSIS\CM3\DeviceSupport\fujitsu\mb9bf61x\startup\arm\
startup_mb9bf61x.S

__user_initial_stackheap 0000001C

Symbol: __user_initial_stackheap
   Definitions
      At line 320 in file CMSIS\CM3\DeviceSupport\fujitsu\mb9bf61x\startup\arm\
startup_mb9bf61x.S
   Uses
      At line 319 in file CMSIS\CM3\DeviceSupport\fujitsu\mb9bf61x\startup\arm\
startup_mb9bf61x.S
Comment: __user_initial_stackheap used once
61 symbols



ARM Macro Assembler    Page 1 Alphabetic symbol ordering
Absolute symbols

Heap_Size 00000000

Symbol: Heap_Size
   Definitions
      At line 52 in file CMSIS\CM3\DeviceSupport\fujitsu\mb9bf61x\startup\arm\s
tartup_mb9bf61x.S
   Uses
      At line 56 in file CMSIS\CM3\DeviceSupport\fujitsu\mb9bf61x\startup\arm\s
tartup_mb9bf61x.S
      At line 324 in file CMSIS\CM3\DeviceSupport\fujitsu\mb9bf61x\startup\arm\
startup_mb9bf61x.S

Stack_Size 00000400

Symbol: Stack_Size
   Definitions
      At line 42 in file CMSIS\CM3\DeviceSupport\fujitsu\mb9bf61x\startup\arm\s
tartup_mb9bf61x.S
   Uses
      At line 45 in file CMSIS\CM3\DeviceSupport\fujitsu\mb9bf61x\startup\arm\s
tartup_mb9bf61x.S
      At line 323 in file CMSIS\CM3\DeviceSupport\fujitsu\mb9bf61x\startup\arm\
startup_mb9bf61x.S

__Vectors_Size 00000100

Symbol: __Vectors_Size
   Definitions
      At line 138 in file CMSIS\CM3\DeviceSupport\fujitsu\mb9bf61x\startup\arm\
startup_mb9bf61x.S
   Uses
      At line 69 in file CMSIS\CM3\DeviceSupport\fujitsu\mb9bf61x\startup\arm\s
tartup_mb9bf61x.S
Comment: __Vectors_Size used once
3 symbols



ARM Macro Assembler    Page 1 Alphabetic symbol ordering
External symbols

SystemInit 00000000

Symbol: SystemInit
   Definitions
      At line 147 in file CMSIS\CM3\DeviceSupport\fujitsu\mb9bf61x\startup\arm\
startup_mb9bf61x.S
   Uses
      At line 149 in file CMSIS\CM3\DeviceSupport\fujitsu\mb9bf61x\startup\arm\
startup_mb9bf61x.S
Comment: SystemInit used once
__main 00000000

Symbol: __main
   Definitions
      At line 148 in file CMSIS\CM3\DeviceSupport\fujitsu\mb9bf61x\startup\arm\
startup_mb9bf61x.S
   Uses
      At line 151 in file CMSIS\CM3\DeviceSupport\fujitsu\mb9bf61x\startup\arm\
startup_mb9bf61x.S
Comment: __main used once
__use_two_region_memory 00000000

Symbol: __use_two_region_memory
   Definitions
      At line 318 in file CMSIS\CM3\DeviceSupport\fujitsu\mb9bf61x\startup\arm\
startup_mb9bf61x.S
   Uses
      None
Comment: __use_two_region_memory unused
3 symbols
414 symbols in table
